<?xml version="1.0" encoding="UTF-8"?>
<testng-results skipped="0" failed="0" ignored="0" total="1" passed="1">
  <reporter-output>
  </reporter-output>
  <suite name="Default suite" duration-ms="35409" started-at="2020-03-17T07:49:09Z" finished-at="2020-03-17T07:49:44Z">
    <groups>
    </groups>
    <test name="Default test" duration-ms="35409" started-at="2020-03-17T07:49:09Z" finished-at="2020-03-17T07:49:44Z">
      <class name="Test12345">
        <test-method status="PASS" signature="test()[pri:0, instance:Test12345@402f32ff]" name="test" duration-ms="35376" started-at="2020-03-17T13:19:09Z" description="dfds" finished-at="2020-03-17T13:19:44Z">
          <reporter-output>
          </reporter-output>
        </test-method> <!-- test -->
      </class> <!-- Test12345 -->
    </test> <!-- Default test -->
  </suite> <!-- Default suite -->
</testng-results>
